2021-03-30 16:17:20,763 INFO (StartupInfoLogger.java:50)- Starting Main on Jolin-PC with PID 8832 (D:\javaProject\learn.springboot_01\target\classes started by Jolin in D:\javaProject\learn.springboot_01)
2021-03-30 16:17:20,788 INFO (SpringApplication.java:654)- No active profile set, falling back to default profiles: default
2021-03-30 16:17:20,896 INFO (AbstractApplicationContext.java:592)- Refreshing org.springframework.boot.web.servlet.context.AnnotationConfigServletWebServerApplicationContext@5c03d51c: startup date [Tue Mar 30 16:17:20 CST 2021]; root of context hierarchy
2021-03-30 16:17:23,389 INFO (TomcatWebServer.java:91)- Tomcat initialized with port(s): 8080 (http)
2021-03-30 16:17:23,406 INFO (DirectJDKLog.java:180)- Initializing ProtocolHandler ["http-nio-8080"]
2021-03-30 16:17:23,422 INFO (DirectJDKLog.java:180)- Starting service [Tomcat]
2021-03-30 16:17:23,422 INFO (DirectJDKLog.java:180)- Starting Servlet Engine: Apache Tomcat/8.5.39
2021-03-30 16:17:23,432 INFO (DirectJDKLog.java:180)- The APR based Apache Tomcat Native library which allows optimal performance in production environments was not found on the java.library.path: [D:\java se\bin;C:\Windows\Sun\Java\bin;C:\Windows\system32;C:\Windows;C:\Program Files (x86)\Intel\iCLS Client\;C:\Program Files\Intel\iCLS Client\;C:\Windows\system32;C:\Windows;C:\Windows\System32\Wbem;C:\Windows\System32\WindowsPowerShell\v1.0\;C:\Program Files (x86)\Intel\UCRT\;C:\Program Files\Intel\UCRT\;C:\Program Files (x86)\Intel\Intel(R) Management Engine Components\DAL;C:\Program Files\Intel\Intel(R) Management Engine Components\DAL;C:\Program Files (x86)\Intel\Intel(R) Management Engine Components\IPT;C:\Program Files\Intel\Intel(R) Management Engine Components\IPT;C:\Program Files\Git\cmd;D:\mysql-8.0.22-winx64\mysql-8.0.22-winx64\bin;D:\java\bin;D:\putty\;D:\node-v12.16.2-win-x64;.]
2021-03-30 16:17:23,545 INFO (DirectJDKLog.java:180)- Initializing Spring embedded WebApplicationContext
2021-03-30 16:17:23,546 INFO (ServletWebServerApplicationContext.java:296)- Root WebApplicationContext: initialization completed in 2649 ms
2021-03-30 16:17:23,636 INFO (AbstractFilterRegistrationBean.java:245)- Mapping filter: 'characterEncodingFilter' to: [/*]
2021-03-30 16:17:23,637 INFO (AbstractFilterRegistrationBean.java:245)- Mapping filter: 'hiddenHttpMethodFilter' to: [/*]
2021-03-30 16:17:23,637 INFO (AbstractFilterRegistrationBean.java:245)- Mapping filter: 'httpPutFormContentFilter' to: [/*]
2021-03-30 16:17:23,637 INFO (AbstractFilterRegistrationBean.java:245)- Mapping filter: 'requestContextFilter' to: [/*]
2021-03-30 16:17:23,638 INFO (AbstractFilterRegistrationBean.java:245)- Mapping filter: 'springSecurityFilterChain' to: [/*]
2021-03-30 16:17:23,638 INFO (ServletRegistrationBean.java:187)- Servlet dispatcherServlet mapped to [/]
2021-03-30 16:17:24,736 INFO (DefaultSecurityFilterChain.java:43)- Creating filter chain: org.springframework.security.web.util.matcher.AnyRequestMatcher@1, [org.springframework.security.web.context.request.async.WebAsyncManagerIntegrationFilter@3d007f5e, org.springframework.security.web.context.SecurityContextPersistenceFilter@4a5d41d2, org.springframework.security.web.header.HeaderWriterFilter@1c4bf70d, org.springframework.security.web.csrf.CsrfFilter@5d33263c, org.springframework.security.web.authentication.logout.LogoutFilter@fd1839b, org.springframework.security.web.authentication.UsernamePasswordAuthenticationFilter@16e42831, org.springframework.security.web.savedrequest.RequestCacheAwareFilter@5e5fb002, org.springframework.security.web.servletapi.SecurityContextHolderAwareRequestFilter@244b6101, org.springframework.security.web.authentication.rememberme.RememberMeAuthenticationFilter@1db9c504, org.springframework.security.web.authentication.AnonymousAuthenticationFilter@10e28925, org.springframework.security.web.session.SessionManagementFilter@3d92e3cb, org.springframework.security.web.access.ExceptionTranslationFilter@39a9efd9, org.springframework.security.web.access.intercept.FilterSecurityInterceptor@671487a7]
2021-03-30 16:17:24,829 INFO (AbstractUrlHandlerMapping.java:372)- Mapped URL path [/**/favicon.ico] onto handler of type [class org.springframework.web.servlet.resource.ResourceHttpRequestHandler]
2021-03-30 16:17:25,048 INFO (RequestMappingHandlerAdapter.java:589)- Looking for @ControllerAdvice: org.springframework.boot.web.servlet.context.AnnotationConfigServletWebServerApplicationContext@5c03d51c: startup date [Tue Mar 30 16:17:20 CST 2021]; root of context hierarchy
2021-03-30 16:17:25,104 INFO (AbstractHandlerMethodMapping.java:550)- Mapped "{[/index]}" onto public java.lang.String com.learn.controller.mycontroller.index()
2021-03-30 16:17:25,107 INFO (AbstractHandlerMethodMapping.java:550)- Mapped "{[/updateUser/{id}],methods=[GET]}" onto public java.lang.String com.learn.controller.mycontroller.update(int,org.springframework.ui.Model)
2021-03-30 16:17:25,107 INFO (AbstractHandlerMethodMapping.java:550)- Mapped "{[/updateUser],methods=[POST]}" onto public java.lang.String com.learn.controller.mycontroller.update(com.learn.pojo.User)
2021-03-30 16:17:25,108 INFO (AbstractHandlerMethodMapping.java:550)- Mapped "{[/delete/{id}],methods=[GET]}" onto public java.lang.String com.learn.controller.mycontroller.delete(int)
2021-03-30 16:17:25,108 INFO (AbstractHandlerMethodMapping.java:550)- Mapped "{[/adduser],methods=[GET]}" onto public java.lang.String com.learn.controller.mycontroller.addUser(org.springframework.ui.Model)
2021-03-30 16:17:25,108 INFO (AbstractHandlerMethodMapping.java:550)- Mapped "{[/getPiugin]}" onto public java.lang.String com.learn.controller.mycontroller.getPiugin()
2021-03-30 16:17:25,108 INFO (AbstractHandlerMethodMapping.java:550)- Mapped "{[/getAllUser]}" onto public java.lang.String com.learn.controller.mycontroller.getAllUser(org.springframework.ui.Model)
2021-03-30 16:17:25,109 INFO (AbstractHandlerMethodMapping.java:550)- Mapped "{[/adduser],methods=[POST]}" onto public java.lang.String com.learn.controller.mycontroller.addUsers(com.learn.pojo.User)
2021-03-30 16:17:25,109 INFO (AbstractHandlerMethodMapping.java:550)- Mapped "{[/login],methods=[POST]}" onto public java.lang.String com.learn.controller.mycontroller.login(java.lang.String,java.lang.String,org.springframework.ui.Model,javax.servlet.http.HttpSession)
2021-03-30 16:17:25,109 INFO (AbstractHandlerMethodMapping.java:550)- Mapped "{[/upload],methods=[POST]}" onto public java.lang.String com.learn.controller.mycontroller.upload(org.springframework.web.multipart.MultipartFile,javax.servlet.http.HttpServletRequest) throws java.io.IOException
2021-03-30 16:17:25,109 INFO (AbstractHandlerMethodMapping.java:550)- Mapped "{[/upload2],methods=[POST]}" onto public java.lang.String com.learn.controller.mycontroller.upload2(java.lang.String) throws java.io.IOException,org.apache.batik.transcoder.TranscoderException
2021-03-30 16:17:25,111 INFO (AbstractHandlerMethodMapping.java:550)- Mapped "{[/error]}" onto public org.springframework.http.ResponseEntity<java.util.Map<java.lang.String, java.lang.Object>> org.springframework.boot.autoconfigure.web.servlet.error.BasicErrorController.error(javax.servlet.http.HttpServletRequest)
2021-03-30 16:17:25,112 INFO (AbstractHandlerMethodMapping.java:550)- Mapped "{[/error],produces=[text/html]}" onto public org.springframework.web.servlet.ModelAndView org.springframework.boot.autoconfigure.web.servlet.error.BasicErrorController.errorHtml(javax.servlet.http.HttpServletRequest,javax.servlet.http.HttpServletResponse)
2021-03-30 16:17:25,133 INFO (AbstractUrlHandlerMapping.java:359)- Root mapping to handler of type [class org.springframework.web.servlet.mvc.ParameterizableViewController]
2021-03-30 16:17:25,133 INFO (AbstractUrlHandlerMapping.java:372)- Mapped URL path [/toLogin] onto handler of type [class org.springframework.web.servlet.mvc.ParameterizableViewController]
2021-03-30 16:17:25,146 INFO (AbstractUrlHandlerMapping.java:372)- Mapped URL path [/webjars/**] onto handler of type [class org.springframework.web.servlet.resource.ResourceHttpRequestHandler]
2021-03-30 16:17:25,146 INFO (AbstractUrlHandlerMapping.java:372)- Mapped URL path [/**] onto handler of type [class org.springframework.web.servlet.resource.ResourceHttpRequestHandler]
2021-03-30 16:17:25,249 WARN (ThymeleafAutoConfiguration.java:337)- Auto-configuration for thymeleaf-extras-springsecurity4 is deprecated in favour of thymeleaf-extras-springsecurity5
2021-03-30 16:17:25,667 INFO (OptionalLiveReloadServer.java:57)- LiveReload server is running on port 35729
2021-03-30 16:17:25,696 INFO (MBeanExporter.java:433)- Registering beans for JMX exposure on startup
2021-03-30 16:17:25,698 INFO (MBeanExporter.java:895)- Bean with name 'dataSource' has been autodetected for JMX exposure
2021-03-30 16:17:25,702 INFO (MBeanExporter.java:668)- Located MBean 'dataSource': registering with JMX server as MBean [com.zaxxer.hikari:name=dataSource,type=HikariDataSource]
2021-03-30 16:17:25,715 INFO (DirectJDKLog.java:180)- Starting ProtocolHandler ["http-nio-8080"]
2021-03-30 16:17:25,722 INFO (DirectJDKLog.java:180)- Using a shared selector for servlet write/read
2021-03-30 16:17:25,742 INFO (TomcatWebServer.java:206)- Tomcat started on port(s): 8080 (http) with context path ''
2021-03-30 16:17:25,747 INFO (StartupInfoLogger.java:59)- Started Main in 6.011 seconds (JVM running for 7.747)
